STEP to UG
! INFO-     NX STEP AP203 - V2412.8101
! INFO-      
! INFO-     Start of Translation: 23-APR-2026  1:18:07 AM
! INFO-      
! STATUS-   Converting Part: C:\Users\autum\Downloads\AntennaeBud_MODEL.stp
! SUMMARY-   
! SUMMARY-    STEP Header Information
! SUMMARY-   
! SUMMARY-  Description      Unknown
! SUMMARY-  Imp_Level        2;1
! SUMMARY-  File_Name        AntennaeBud_MODEL.stp
! SUMMARY-  Date             2026-04-23T01:16:59-07:00
! SUMMARY-  Author           Unknown
! SUMMARY-  Organization     Unknown
! SUMMARY-  Pre_Version      ST-DEVELOPER v20
! SUMMARY-  Orig_System      SIEMENS PLM Software NX2412.8101
! SUMMARY-  Authorization    Unknown
! SUMMARY-  Schema_ID        ap203_configuration_controlled_3d_design_of_mechanical_parts_and_assemblies_mim_lf
! SUMMARY-   
! SUMMARY-    Summary of STEP Entities
! SUMMARY-   
! SUMMARY-  Entity Type                                                   Count
! SUMMARY-  -----------                                                   ------
! SUMMARY-  advanced_face ..............................................:     11
! SUMMARY-  application_context ........................................:      1
! SUMMARY-  approval ...................................................:      7
! SUMMARY-  approval_date_time .........................................:      7
! SUMMARY-  approval_person_organization ...............................:      7
! SUMMARY-  approval_role ..............................................:      7
! SUMMARY-  approval_status ............................................:      7
! SUMMARY-  axis2_placement_3d .........................................:     22
! SUMMARY-  b_spline_surface_with_knots_and_rational_b_spline_surface ..:      1
! SUMMARY-  calendar_date ..............................................:      7
! SUMMARY-  cartesian_point ............................................:     61
! SUMMARY-  circle .....................................................:     10
! SUMMARY-  closed_shell ...............................................:      1
! SUMMARY-  context_dependent_shape_representation .....................:      1
! SUMMARY-  conversion_based_unit_and_length_unit ......................:      2
! SUMMARY-  conversion_based_unit_and_plane_angle_unit .................:      2
! SUMMARY-  coordinated_universal_time_offset ..........................:      7
! SUMMARY-  cylindrical_surface ........................................:      5
! SUMMARY-  date_and_time ..............................................:      7
! SUMMARY-  dimensional_exponents ......................................:      4
! SUMMARY-  direction ..................................................:     44
! SUMMARY-  edge_curve .................................................:     10
! SUMMARY-  edge_loop ..................................................:     20
! SUMMARY-  face_bound .................................................:     20
! SUMMARY-  face_outer_bound ...........................................:      1
! SUMMARY-  geometric_representation_context_and_global_uncertainty_a ..:      2
! SUMMARY-  item_defined_transformation ................................:      1
! SUMMARY-  length_measure_with_unit ...................................:      2
! SUMMARY-  length_unit_and_si_unit ....................................:      2
! SUMMARY-  local_time .................................................:      7
! SUMMARY-  manifold_solid_brep ........................................:      1
! SUMMARY-  next_assembly_usage_occurrence .............................:      1
! SUMMARY-  organization ...............................................:      7
! SUMMARY-  oriented_edge ..............................................:     20
! SUMMARY-  person .....................................................:      1
! SUMMARY-  person_and_organization ....................................:      7
! SUMMARY-  plane ......................................................:      5
! SUMMARY-  plane_angle_measure_with_unit ..............................:      2
! SUMMARY-  plane_angle_unit_and_si_unit ...............................:      2
! SUMMARY-  product ....................................................:      2
! SUMMARY-  product_context ............................................:      2
! SUMMARY-  product_definition .........................................:      2
! SUMMARY-  product_definition_context .................................:      2
! SUMMARY-  product_definition_formation_with_specified_source .........:      2
! SUMMARY-  product_definition_shape ...................................:      3
! SUMMARY-  product_related_product_category ...........................:      2
! SUMMARY-  representation_relationship_with_transformation_and_shape ..:      1
! SUMMARY-  shape_representation .......................................:      2
! SUMMARY-  si_unit_and_solid_angle_unit ...............................:      2
! SUMMARY-  uncertainty_measure_with_unit ..............................:      2
! SUMMARY-  vertex_loop ................................................:      1
! SUMMARY-  vertex_point ...............................................:     11
! SUMMARY-                                                               -------
! SUMMARY-  Total                                                            366
! STATUS-    
! STATUS-   Converting to Output Form (Phase 2 of 3): 23-APR-2026 1:18:07 AM
! STATUS-    
! STATUS-    
! STATUS-   Generating UG geometry and placing them in parts
! STATUS-    
! STATUS-   Creating the UG part (Phase 3 of 3): 23-APR-2026  1:18:07 AM
! INFO-     Filing Part ..: C:\Users\autum\OneDrive\Documents\GitHub\ASTE421_STRiDER\LGA_Stand162
! SUMMARY-   
! SUMMARY-  Summary of Unigraphics Part Entities
! SUMMARY-   
! SUMMARY-  Entities Processed             Count
! SUMMARY-  ------------------             -----
! SUMMARY-  Solid/Sheet .................:     1
! SUMMARY-                                 -----
! SUMMARY-  Total                              1
! STATUS-   Creating the UG part (Phase 3 of 3): 23-APR-2026  1:18:08 AM
! INFO-     Filing Part ..: C:\Users\autum\OneDrive\Documents\GitHub\ASTE421_STRiDER\AntennaeBud_MODEL_1.prt
! SUMMARY-   
! SUMMARY-  Summary of Unigraphics Part Entities
! SUMMARY-   
! SUMMARY-  Entities Processed             Count
! SUMMARY-  ------------------             -----
! SUMMARY-  Group .......................:     1
! SUMMARY-                                 -----
! SUMMARY-  Total                              1
! INFO-      
! INFO-     Total number of solids input for this translation       :         1
! INFO-      
! INFO-     Number of solids created without body validation faults :         1
! INFO-      
! INFO-     Number of solids created with body validation fault(s)  :         0
! INFO-      
! INFO-     Number of solids ending up as sheet bodies              :         0
! INFO-      
! INFO-     End of Translation: 23-APR-2026  1:18:09 AM
! INFO-      
STEP to UG
! INFO-     NX STEP AP203 - V2412.8101
! INFO-      
! INFO-     Start of Translation: 23-APR-2026  1:19:02 AM
! INFO-      
! STATUS-   Converting Part: C:\Users\autum\Downloads\AntennaeBud_MODEL_1.stp
! SUMMARY-   
! SUMMARY-    STEP Header Information
! SUMMARY-   
! SUMMARY-  Description      Unknown
! SUMMARY-  Imp_Level        2;1
! SUMMARY-  File_Name        AntennaeBud_MODEL_1.stp
! SUMMARY-  Date             2026-04-23T01:18:43-07:00
! SUMMARY-  Author           Unknown
! SUMMARY-  Organization     Unknown
! SUMMARY-  Pre_Version      ST-DEVELOPER v20
! SUMMARY-  Orig_System      SIEMENS PLM Software NX2412.8101
! SUMMARY-  Authorization    Unknown
! SUMMARY-  Schema_ID        ap203_configuration_controlled_3d_design_of_mechanical_parts_and_assemblies_mim_lf
! SUMMARY-   
! SUMMARY-    Summary of STEP Entities
! SUMMARY-   
! SUMMARY-  Entity Type                                                   Count
! SUMMARY-  -----------                                                   ------
! SUMMARY-  application_context ........................................:      1
! SUMMARY-  approval ...................................................:      3
! SUMMARY-  approval_date_time .........................................:      3
! SUMMARY-  approval_person_organization ...............................:      3
! SUMMARY-  approval_role ..............................................:      3
! SUMMARY-  approval_status ............................................:      3
! SUMMARY-  axis2_placement_3d .........................................:      1
! SUMMARY-  calendar_date ..............................................:      3
! SUMMARY-  cartesian_point ............................................:      1
! SUMMARY-  conversion_based_unit_and_length_unit ......................:      1
! SUMMARY-  conversion_based_unit_and_plane_angle_unit .................:      1
! SUMMARY-  coordinated_universal_time_offset ..........................:      3
! SUMMARY-  date_and_time ..............................................:      3
! SUMMARY-  dimensional_exponents ......................................:      2
! SUMMARY-  direction ..................................................:      2
! SUMMARY-  geometric_representation_context_and_global_uncertainty_a ..:      1
! SUMMARY-  length_measure_with_unit ...................................:      1
! SUMMARY-  length_unit_and_si_unit ....................................:      1
! SUMMARY-  local_time .................................................:      3
! SUMMARY-  organization ...............................................:      3
! SUMMARY-  person .....................................................:      1
! SUMMARY-  person_and_organization ....................................:      3
! SUMMARY-  plane_angle_measure_with_unit ..............................:      1
! SUMMARY-  plane_angle_unit_and_si_unit ...............................:      1
! SUMMARY-  product ....................................................:      1
! SUMMARY-  product_context ............................................:      1
! SUMMARY-  product_definition .........................................:      1
! SUMMARY-  product_definition_context .................................:      1
! SUMMARY-  product_definition_formation_with_specified_source .........:      1
! SUMMARY-  product_definition_shape ...................................:      1
! SUMMARY-  product_related_product_category ...........................:      1
! SUMMARY-  si_unit_and_solid_angle_unit ...............................:      1
! SUMMARY-  uncertainty_measure_with_unit ..............................:      1
! SUMMARY-                                                               -------
! SUMMARY-  Total                                                             57
! STATUS-    
! STATUS-   Converting to Output Form (Phase 2 of 3): 23-APR-2026 1:19:02 AM
! STATUS-    
! STATUS-    
! STATUS-   Generating UG geometry and placing them in parts
! STATUS-    
! STATUS-   Creating the UG part (Phase 3 of 3): 23-APR-2026  1:19:02 AM
! INFO-     Filing Part ..: C:\Users\autum\OneDrive\Documents\GitHub\ASTE421_STRiDER\AntennaeBud_MODEL_1.prt
! SUMMARY-   
! SUMMARY-  Summary of Unigraphics Part Entities
! SUMMARY-   
! SUMMARY-  Entities Processed             Count
! SUMMARY-  ------------------             -----
! SUMMARY-                                 -----
! SUMMARY-  Total                              0
! INFO-      
! INFO-     Total number of solids input for this translation       :         0
! INFO-      
! INFO-     Number of solids created without body validation faults :         0
! INFO-      
! INFO-     Number of solids created with body validation fault(s)  :         0
! INFO-      
! INFO-     Number of solids ending up as sheet bodies              :         0
! INFO-      
! INFO-     End of Translation: 23-APR-2026  1:19:02 AM
! INFO-      
